<?xml version="1.0" encoding="UTF-8"?>
<testsuite name="pl.joannaszczesna.Day01Test" tests="5" skipped="0" failures="0" errors="0" timestamp="2024-12-12T18:56:03" hostname="LAPTOP-DREAMMIN" time="0.046">
  <properties/>
  <testcase name="part1_input()" classname="pl.joannaszczesna.Day01Test" time="0.029"/>
  <testcase name="part2_input()" classname="pl.joannaszczesna.Day01Test" time="0.006"/>
  <testcase name="part1_sample()" classname="pl.joannaszczesna.Day01Test" time="0.002"/>
  <testcase name="exampleInputFileNotExist_findTotalDistance_returnException()" classname="pl.joannaszczesna.Day01Test" time="0.005"/>
  <testcase name="part2_sample()" classname="pl.joannaszczesna.Day01Test" time="0.001"/>
  <system-out><![CDATA[]]></system-out>
  <system-err><![CDATA[]]></system-err>
</testsuite>
